<?xml version="1.0" encoding="utf-8"?>

<coverage line-rate="1" branch-rate="1" version="1.9" timestamp="1678189576" lines-covered="58" lines-valid="58"
          branches-covered="2" branches-valid="2">
  <sources>
    <source>C:\Users\tpo9h\OneDrive\Документы\GitHub\RabbitMqExtensions\RabbitMQ.Client.Extensions\</source>
  </sources>
  <packages>
    <package name="RabbitMQ.Client.Extensions" line-rate="1" branch-rate="1" complexity="8">
      <classes>
        <class name="RabbitMQ.Client.Extensions.ChannelConsumerAsyncExtensions"
               filename="ChannelConsumerAsyncExtensions.cs" line-rate="1" branch-rate="1" complexity="2">
          <methods>
            <method name="SetConsumerAsync"
                    signature="(RabbitMQ.Client.IModel,System.String,RabbitMQ.Client.Extensions.Models.ConsumerAction,System.Boolean,System.Int32)"
                    line-rate="1" branch-rate="1" complexity="2">
              <lines>
                <line number="20" hits="5" branch="False" />
                <line number="21" hits="5" branch="False" />
                <line number="22" hits="5" branch="False" />
                <line number="24" hits="5" branch="True" condition-coverage="100% (2/2)">
                  <conditions>
                    <condition number="60" type="jump" coverage="100%" />
                  </conditions>
                </line>
                <line number="25" hits="2" branch="False" />
                <line number="27" hits="3" branch="False" />
                <line number="29" hits="5" branch="False" />
                <line number="30" hits="5" branch="False" />
                <line number="31" hits="5" branch="False" />
                <line number="32" hits="5" branch="False" />
                <line number="33" hits="5" branch="False" />
                <line number="34" hits="5" branch="False" />
                <line number="35" hits="5" branch="False" />
                <line number="36" hits="2" branch="False" />
                <line number="37" hits="2" branch="False" />
                <line number="38" hits="3" branch="False" />
                <line number="39" hits="3" branch="False" />
                <line number="40" hits="3" branch="False" />
                <line number="41" hits="3" branch="False" />
                <line number="42" hits="10" branch="False" />
                <line number="44" hits="5" branch="False" />
                <line number="45" hits="5" branch="False" />
              </lines>
            </method>
          </methods>
          <lines>
            <line number="20" hits="5" branch="False" />
            <line number="21" hits="5" branch="False" />
            <line number="22" hits="5" branch="False" />
            <line number="24" hits="5" branch="True" condition-coverage="100% (2/2)">
              <conditions>
                <condition number="60" type="jump" coverage="100%" />
              </conditions>
            </line>
            <line number="25" hits="2" branch="False" />
            <line number="27" hits="3" branch="False" />
            <line number="29" hits="5" branch="False" />
            <line number="30" hits="5" branch="False" />
            <line number="31" hits="5" branch="False" />
            <line number="32" hits="5" branch="False" />
            <line number="33" hits="5" branch="False" />
            <line number="34" hits="5" branch="False" />
            <line number="35" hits="5" branch="False" />
            <line number="36" hits="2" branch="False" />
            <line number="37" hits="2" branch="False" />
            <line number="38" hits="3" branch="False" />
            <line number="39" hits="3" branch="False" />
            <line number="40" hits="3" branch="False" />
            <line number="41" hits="3" branch="False" />
            <line number="42" hits="10" branch="False" />
            <line number="44" hits="5" branch="False" />
            <line number="45" hits="5" branch="False" />
          </lines>
        </class>
        <class name="RabbitMQ.Client.Extensions.QueueSetupNamesExtensions" filename="QueueSetupNamesExtensions.cs"
               line-rate="1" branch-rate="1" complexity="1">
          <methods>
            <method name="SetupQueueNames" signature="(RabbitMQ.Client.IModel,System.String)" line-rate="1"
                    branch-rate="1" complexity="1">
              <lines>
                <line number="14" hits="6" branch="False" />
                <line number="15" hits="6" branch="False" />
                <line number="17" hits="6" branch="False" />
                <line number="18" hits="6" branch="False" />
                <line number="19" hits="6" branch="False" />
                <line number="20" hits="6" branch="False" />
                <line number="21" hits="6" branch="False" />
                <line number="22" hits="6" branch="False" />
                <line number="23" hits="6" branch="False" />
              </lines>
            </method>
          </methods>
          <lines>
            <line number="14" hits="6" branch="False" />
            <line number="15" hits="6" branch="False" />
            <line number="17" hits="6" branch="False" />
            <line number="18" hits="6" branch="False" />
            <line number="19" hits="6" branch="False" />
            <line number="20" hits="6" branch="False" />
            <line number="21" hits="6" branch="False" />
            <line number="22" hits="6" branch="False" />
            <line number="23" hits="6" branch="False" />
          </lines>
        </class>
        <class name="RabbitMQ.Client.Extensions.RepeatQueues.QueueDeclareExtensions"
               filename="RepeatQueues\QueueDeclareExtensions.cs" line-rate="1" branch-rate="1" complexity="1">
          <methods>
            <method name="QueueDeclareWithRepeat"
                    signature="(RabbitMQ.Client.IModel,RabbitMQ.Client.Extensions.Models.QueuesParams,System.Int32)"
                    line-rate="1" branch-rate="1" complexity="1">
              <lines>
                <line number="15" hits="3" branch="False" />
                <line number="16" hits="3" branch="False" />
                <line number="17" hits="3" branch="False" />
                <line number="19" hits="3" branch="False" />
                <line number="21" hits="3" branch="False" />
                <line number="22" hits="3" branch="False" />
                <line number="23" hits="3" branch="False" />
                <line number="24" hits="3" branch="False" />
                <line number="25" hits="3" branch="False" />
                <line number="27" hits="3" branch="False" />
                <line number="28" hits="3" branch="False" />
                <line number="29" hits="3" branch="False" />
                <line number="30" hits="3" branch="False" />
                <line number="31" hits="3" branch="False" />
                <line number="32" hits="3" branch="False" />
                <line number="34" hits="3" branch="False" />
                <line number="35" hits="3" branch="False" />
                <line number="36" hits="3" branch="False" />
                <line number="37" hits="3" branch="False" />
              </lines>
            </method>
          </methods>
          <lines>
            <line number="15" hits="3" branch="False" />
            <line number="16" hits="3" branch="False" />
            <line number="17" hits="3" branch="False" />
            <line number="19" hits="3" branch="False" />
            <line number="21" hits="3" branch="False" />
            <line number="22" hits="3" branch="False" />
            <line number="23" hits="3" branch="False" />
            <line number="24" hits="3" branch="False" />
            <line number="25" hits="3" branch="False" />
            <line number="27" hits="3" branch="False" />
            <line number="28" hits="3" branch="False" />
            <line number="29" hits="3" branch="False" />
            <line number="30" hits="3" branch="False" />
            <line number="31" hits="3" branch="False" />
            <line number="32" hits="3" branch="False" />
            <line number="34" hits="3" branch="False" />
            <line number="35" hits="3" branch="False" />
            <line number="36" hits="3" branch="False" />
            <line number="37" hits="3" branch="False" />
          </lines>
        </class>
        <class name="RabbitMQ.Client.Extensions.RepeatQueues.QueueDeleteExtensions"
               filename="RepeatQueues\QueueDeleteExtensions.cs" line-rate="1" branch-rate="1" complexity="1">
          <methods>
            <method name="QueueDeleteWithRepeat"
                    signature="(RabbitMQ.Client.IModel,RabbitMQ.Client.Extensions.Models.QueuesParams)" line-rate="1"
                    branch-rate="1" complexity="1">
              <lines>
                <line number="13" hits="1" branch="False" />
                <line number="14" hits="1" branch="False" />
                <line number="15" hits="1" branch="False" />
                <line number="16" hits="1" branch="False" />
                <line number="17" hits="1" branch="False" />
              </lines>
            </method>
          </methods>
          <lines>
            <line number="13" hits="1" branch="False" />
            <line number="14" hits="1" branch="False" />
            <line number="15" hits="1" branch="False" />
            <line number="16" hits="1" branch="False" />
            <line number="17" hits="1" branch="False" />
          </lines>
        </class>
        <class name="RabbitMQ.Client.Extensions.Models.QueuesParams" filename="Models\QueuesParams.cs" line-rate="1"
               branch-rate="1" complexity="3">
          <methods>
            <method name="get_MainQueueName" signature="()" line-rate="1" branch-rate="1" complexity="1">
              <lines>
                <line number="11" hits="37" branch="False" />
              </lines>
            </method>
            <method name="get_RepeatedQueueName" signature="()" line-rate="1" branch-rate="1" complexity="1">
              <lines>
                <line number="16" hits="34" branch="False" />
              </lines>
            </method>
            <method name="get_ExchangeQueueName" signature="()" line-rate="1" branch-rate="1" complexity="1">
              <lines>
                <line number="21" hits="37" branch="False" />
              </lines>
            </method>
          </methods>
          <lines>
            <line number="11" hits="37" branch="False" />
            <line number="16" hits="34" branch="False" />
            <line number="21" hits="37" branch="False" />
          </lines>
        </class>
      </classes>
    </package>
  </packages>
</coverage>